Traceback (most recent call last):
  File "/Midgard/home/martinig/miniconda3/envs/transformer-drg-style-transfer/lib/python3.8/site-packages/requests/compat.py", line 11, in <module>
    import chardet
ModuleNotFoundError: No module named 'chardet'

During handling of the above exception, another exception occurred:

Traceback (most recent call last):
  File "openai_gpt_delete_and_generate.py", line 33, in <module>
    from pytorch_pretrained_bert import OpenAIGPTLMHeadModel, OpenAIGPTTokenizer, OpenAIAdam, cached_path, WEIGHTS_NAME, CONFIG_NAME
  File "/Midgard/home/martinig/transformer-drg-style-transfer/pytorch_pretrained_bert/__init__.py", line 2, in <module>
    from .tokenization import BertTokenizer, BasicTokenizer, WordpieceTokenizer
  File "/Midgard/home/martinig/transformer-drg-style-transfer/pytorch_pretrained_bert/tokenization.py", line 25, in <module>
    from .file_utils import cached_path
  File "/Midgard/home/martinig/transformer-drg-style-transfer/pytorch_pretrained_bert/file_utils.py", line 19, in <module>
    import requests
  File "/Midgard/home/martinig/miniconda3/envs/transformer-drg-style-transfer/lib/python3.8/site-packages/requests/__init__.py", line 45, in <module>
    from .exceptions import RequestsDependencyWarning
  File "/Midgard/home/martinig/miniconda3/envs/transformer-drg-style-transfer/lib/python3.8/site-packages/requests/exceptions.py", line 9, in <module>
    from .compat import JSONDecodeError as CompatJSONDecodeError
  File "/Midgard/home/martinig/miniconda3/envs/transformer-drg-style-transfer/lib/python3.8/site-packages/requests/compat.py", line 13, in <module>
    import charset_normalizer as chardet
  File "/Midgard/home/martinig/miniconda3/envs/transformer-drg-style-transfer/lib/python3.8/site-packages/charset_normalizer/__init__.py", line 23, in <module>
    from charset_normalizer.api import from_fp, from_path, from_bytes, normalize
  File "/Midgard/home/martinig/miniconda3/envs/transformer-drg-style-transfer/lib/python3.8/site-packages/charset_normalizer/api.py", line 10, in <module>
    from charset_normalizer.md import mess_ratio
  File "charset_normalizer/md.py", line 5, in <module>
ImportError: cannot import name 'COMMON_SAFE_ASCII_CHARACTERS' from 'charset_normalizer.constant' (/Midgard/home/martinig/miniconda3/envs/transformer-drg-style-transfer/lib/python3.8/site-packages/charset_normalizer/constant.py)
